\BOOKMARK [-1][-]{part.1}{I User Requirements}{}% 1
\BOOKMARK [0][-]{paragraph.0.0.0.0.1}{}{part.1}% 2
\BOOKMARK [1][-]{paragraph.0.0.0.0.2}{}{paragraph.0.0.0.0.1}% 3
\BOOKMARK [2][-]{paragraph.0.0.0.0.3}{}{paragraph.0.0.0.0.2}% 4
\BOOKMARK [3][-]{paragraph.0.0.0.0.4}{}{paragraph.0.0.0.0.3}% 5
\BOOKMARK [4][-]{paragraph.0.0.0.0.5}{}{paragraph.0.0.0.0.4}% 6
\BOOKMARK [4][-]{paragraph.0.0.0.0.6}{}{paragraph.0.0.0.0.4}% 7
\BOOKMARK [4][-]{paragraph.0.0.0.0.7}{}{paragraph.0.0.0.0.4}% 8
\BOOKMARK [4][-]{paragraph.0.0.0.0.8}{}{paragraph.0.0.0.0.4}% 9
\BOOKMARK [4][-]{paragraph.0.0.0.0.9}{}{paragraph.0.0.0.0.4}% 10
\BOOKMARK [4][-]{paragraph.0.0.0.0.10}{}{paragraph.0.0.0.0.4}% 11
\BOOKMARK [4][-]{paragraph.0.0.0.0.11}{}{paragraph.0.0.0.0.4}% 12
\BOOKMARK [4][-]{paragraph.0.0.0.0.12}{}{paragraph.0.0.0.0.4}% 13
\BOOKMARK [4][-]{paragraph.0.0.0.0.13}{}{paragraph.0.0.0.0.4}% 14
\BOOKMARK [4][-]{paragraph.0.0.0.0.14}{}{paragraph.0.0.0.0.4}% 15
\BOOKMARK [4][-]{paragraph.0.0.0.0.15}{}{paragraph.0.0.0.0.4}% 16
\BOOKMARK [4][-]{paragraph.0.0.0.0.16}{}{paragraph.0.0.0.0.4}% 17
\BOOKMARK [4][-]{paragraph.0.0.0.0.17}{}{paragraph.0.0.0.0.4}% 18
\BOOKMARK [4][-]{paragraph.0.0.0.0.18}{}{paragraph.0.0.0.0.4}% 19
\BOOKMARK [4][-]{paragraph.0.0.0.0.19}{}{paragraph.0.0.0.0.4}% 20
\BOOKMARK [4][-]{paragraph.0.0.0.0.20}{}{paragraph.0.0.0.0.4}% 21
\BOOKMARK [4][-]{paragraph.0.0.0.0.21}{}{paragraph.0.0.0.0.4}% 22
\BOOKMARK [4][-]{paragraph.0.0.0.0.22}{}{paragraph.0.0.0.0.4}% 23
\BOOKMARK [4][-]{paragraph.0.0.0.0.23}{}{paragraph.0.0.0.0.4}% 24
\BOOKMARK [4][-]{paragraph.0.0.0.0.24}{}{paragraph.0.0.0.0.4}% 25
\BOOKMARK [4][-]{paragraph.0.0.0.0.25}{}{paragraph.0.0.0.0.4}% 26
\BOOKMARK [4][-]{paragraph.0.0.0.0.26}{}{paragraph.0.0.0.0.4}% 27
\BOOKMARK [4][-]{paragraph.0.0.0.0.27}{}{paragraph.0.0.0.0.4}% 28
\BOOKMARK [4][-]{paragraph.0.0.0.0.28}{}{paragraph.0.0.0.0.4}% 29
\BOOKMARK [4][-]{paragraph.0.0.0.0.29}{}{paragraph.0.0.0.0.4}% 30
\BOOKMARK [4][-]{paragraph.0.0.0.0.30}{}{paragraph.0.0.0.0.4}% 31
\BOOKMARK [4][-]{paragraph.0.0.0.0.31}{}{paragraph.0.0.0.0.4}% 32
\BOOKMARK [4][-]{paragraph.0.0.0.0.32}{}{paragraph.0.0.0.0.4}% 33
\BOOKMARK [4][-]{paragraph.0.0.0.0.33}{}{paragraph.0.0.0.0.4}% 34
\BOOKMARK [4][-]{paragraph.0.0.0.0.34}{}{paragraph.0.0.0.0.4}% 35
\BOOKMARK [4][-]{paragraph.0.0.0.0.35}{}{paragraph.0.0.0.0.4}% 36
\BOOKMARK [4][-]{paragraph.0.0.0.0.36}{}{paragraph.0.0.0.0.4}% 37
\BOOKMARK [4][-]{paragraph.0.0.0.0.37}{}{paragraph.0.0.0.0.4}% 38
\BOOKMARK [4][-]{paragraph.0.0.0.0.38}{}{paragraph.0.0.0.0.4}% 39
\BOOKMARK [4][-]{paragraph.0.0.0.0.39}{}{paragraph.0.0.0.0.4}% 40
\BOOKMARK [4][-]{paragraph.0.0.0.0.40}{}{paragraph.0.0.0.0.4}% 41
\BOOKMARK [-1][-]{part.2}{II System Requirements}{}% 42
\BOOKMARK [0][-]{chapter.1}{Non-Functional Requirements}{part.2}% 43
\BOOKMARK [1][-]{section.1.1}{Product Requirements}{chapter.1}% 44
\BOOKMARK [2][-]{subsection.1.1.1}{Usability Requirements}{section.1.1}% 45
\BOOKMARK [3][-]{paragraph.1.1.1.0.41}{NFR001}{subsection.1.1.1}% 46
\BOOKMARK [4][-]{paragraph.1.1.1.0.42}{NFR002}{paragraph.1.1.1.0.41}% 47
\BOOKMARK [4][-]{paragraph.1.1.1.0.43}{NFR003}{paragraph.1.1.1.0.41}% 48
\BOOKMARK [4][-]{paragraph.1.1.1.0.44}{NFR004}{paragraph.1.1.1.0.41}% 49
\BOOKMARK [4][-]{paragraph.1.1.1.0.45}{NFR004}{paragraph.1.1.1.0.41}% 50
\BOOKMARK [4][-]{paragraph.1.1.1.0.46}{NFR004}{paragraph.1.1.1.0.41}% 51
\BOOKMARK [4][-]{paragraph.1.1.1.0.47}{NFR004}{paragraph.1.1.1.0.41}% 52
\BOOKMARK [2][-]{subsection.1.1.2}{Efficiency Requirements}{section.1.1}% 53
\BOOKMARK [3][-]{subsubsection.1.1.2.1}{Performance Requirements}{subsection.1.1.2}% 54
\BOOKMARK [4][-]{paragraph.1.1.2.1.1}{}{subsubsection.1.1.2.1}% 55
\BOOKMARK [4][-]{paragraph.1.1.2.1.2}{}{subsubsection.1.1.2.1}% 56
\BOOKMARK [4][-]{paragraph.1.1.2.1.3}{}{subsubsection.1.1.2.1}% 57
\BOOKMARK [4][-]{paragraph.1.1.2.1.4}{}{subsubsection.1.1.2.1}% 58
\BOOKMARK [3][-]{subsubsection.1.1.2.2}{Space Requirements}{subsection.1.1.2}% 59
\BOOKMARK [4][-]{paragraph.1.1.2.2.1}{}{subsubsection.1.1.2.2}% 60
\BOOKMARK [4][-]{paragraph.1.1.2.2.2}{}{subsubsection.1.1.2.2}% 61
\BOOKMARK [4][-]{paragraph.1.1.2.2.3}{}{subsubsection.1.1.2.2}% 62
\BOOKMARK [2][-]{subsection.1.1.3}{Dependability Requirements}{section.1.1}% 63
\BOOKMARK [3][-]{paragraph.1.1.3.0.4}{NFR012}{subsection.1.1.3}% 64
\BOOKMARK [4][-]{paragraph.1.1.3.0.5}{NFR013}{paragraph.1.1.3.0.4}% 65
\BOOKMARK [4][-]{paragraph.1.1.3.0.6}{NFR014}{paragraph.1.1.3.0.4}% 66
\BOOKMARK [4][-]{paragraph.1.1.3.0.7}{NFR015}{paragraph.1.1.3.0.4}% 67
\BOOKMARK [4][-]{paragraph.1.1.3.0.8}{NFR016}{paragraph.1.1.3.0.4}% 68
\BOOKMARK [2][-]{subsection.1.1.4}{Security Requirements}{section.1.1}% 69
\BOOKMARK [3][-]{paragraph.1.1.4.0.9}{}{subsection.1.1.4}% 70
\BOOKMARK [4][-]{paragraph.1.1.4.0.10}{}{paragraph.1.1.4.0.9}% 71
\BOOKMARK [1][-]{section.1.2}{Organisational Requirements}{chapter.1}% 72
\BOOKMARK [2][-]{subsection.1.2.1}{Environmental Requirements}{section.1.2}% 73
\BOOKMARK [2][-]{subsection.1.2.2}{Operational Requirements}{section.1.2}% 74
\BOOKMARK [2][-]{subsection.1.2.3}{Development Requirements}{section.1.2}% 75
\BOOKMARK [3][-]{paragraph.1.2.3.0.11}{NFR023}{subsection.1.2.3}% 76
\BOOKMARK [1][-]{section.1.3}{External Requirements}{chapter.1}% 77
\BOOKMARK [2][-]{subsection.1.3.1}{Regulatory Requirements}{section.1.3}% 78
\BOOKMARK [3][-]{paragraph.1.3.1.0.12}{NFR024}{subsection.1.3.1}% 79
\BOOKMARK [2][-]{subsection.1.3.2}{Ethical Requirements}{section.1.3}% 80
\BOOKMARK [3][-]{paragraph.1.3.2.0.13}{NFR025}{subsection.1.3.2}% 81
\BOOKMARK [2][-]{subsection.1.3.3}{Legislative Requirements}{section.1.3}% 82
\BOOKMARK [3][-]{subsubsection.1.3.3.1}{Accounting Requirements}{subsection.1.3.3}% 83
\BOOKMARK [3][-]{subsubsection.1.3.3.2}{Safety / Security Requirements}{subsection.1.3.3}% 84
\BOOKMARK [4][-]{paragraph.1.3.3.2.1}{NFR026}{subsubsection.1.3.3.2}% 85
\BOOKMARK [0][-]{chapter.2}{Functional Requirements}{part.2}% 86
\BOOKMARK [1][-]{paragraph.2.0.3.2.2}{FR001}{chapter.2}% 87
\BOOKMARK [2][-]{paragraph.2.0.3.2.3}{FR002}{paragraph.2.0.3.2.2}% 88
\BOOKMARK [3][-]{paragraph.2.0.3.2.4}{FR003}{paragraph.2.0.3.2.3}% 89
\BOOKMARK [4][-]{paragraph.2.0.3.2.5}{FR004}{paragraph.2.0.3.2.4}% 90
\BOOKMARK [4][-]{paragraph.2.0.3.2.6}{FR005}{paragraph.2.0.3.2.4}% 91
\BOOKMARK [4][-]{paragraph.2.0.3.2.7}{FR006}{paragraph.2.0.3.2.4}% 92
\BOOKMARK [4][-]{paragraph.2.0.3.2.8}{FR007}{paragraph.2.0.3.2.4}% 93
\BOOKMARK [4][-]{paragraph.2.0.3.2.9}{FR008}{paragraph.2.0.3.2.4}% 94
\BOOKMARK [4][-]{paragraph.2.0.3.2.10}{FR009}{paragraph.2.0.3.2.4}% 95
\BOOKMARK [4][-]{paragraph.2.0.3.2.11}{FR010}{paragraph.2.0.3.2.4}% 96
\BOOKMARK [4][-]{paragraph.2.0.3.2.12}{FR011}{paragraph.2.0.3.2.4}% 97
\BOOKMARK [4][-]{paragraph.2.0.3.2.13}{FR012}{paragraph.2.0.3.2.4}% 98
\BOOKMARK [4][-]{paragraph.2.0.3.2.14}{FR013}{paragraph.2.0.3.2.4}% 99
\BOOKMARK [4][-]{paragraph.2.0.3.2.15}{FR014}{paragraph.2.0.3.2.4}% 100
\BOOKMARK [4][-]{paragraph.2.0.3.2.16}{FR015}{paragraph.2.0.3.2.4}% 101
\BOOKMARK [4][-]{paragraph.2.0.3.2.17}{FR016}{paragraph.2.0.3.2.4}% 102
\BOOKMARK [4][-]{paragraph.2.0.3.2.18}{FR017}{paragraph.2.0.3.2.4}% 103
\BOOKMARK [4][-]{paragraph.2.0.3.2.19}{FR018}{paragraph.2.0.3.2.4}% 104
\BOOKMARK [4][-]{paragraph.2.0.3.2.20}{FR019}{paragraph.2.0.3.2.4}% 105
\BOOKMARK [4][-]{paragraph.2.0.3.2.21}{FR020}{paragraph.2.0.3.2.4}% 106
\BOOKMARK [4][-]{paragraph.2.0.3.2.22}{FR021}{paragraph.2.0.3.2.4}% 107
\BOOKMARK [4][-]{paragraph.2.0.3.2.23}{FR022}{paragraph.2.0.3.2.4}% 108
\BOOKMARK [4][-]{paragraph.2.0.3.2.24}{FR023}{paragraph.2.0.3.2.4}% 109
\BOOKMARK [4][-]{paragraph.2.0.3.2.25}{FR024}{paragraph.2.0.3.2.4}% 110
\BOOKMARK [4][-]{paragraph.2.0.3.2.26}{FR025}{paragraph.2.0.3.2.4}% 111
\BOOKMARK [4][-]{paragraph.2.0.3.2.27}{FR026}{paragraph.2.0.3.2.4}% 112
\BOOKMARK [4][-]{paragraph.2.0.3.2.28}{FR027}{paragraph.2.0.3.2.4}% 113
\BOOKMARK [4][-]{paragraph.2.0.3.2.29}{FR028}{paragraph.2.0.3.2.4}% 114
\BOOKMARK [4][-]{paragraph.2.0.3.2.30}{FR029}{paragraph.2.0.3.2.4}% 115
\BOOKMARK [4][-]{paragraph.2.0.3.2.31}{FR030}{paragraph.2.0.3.2.4}% 116
\BOOKMARK [4][-]{paragraph.2.0.3.2.32}{FR031}{paragraph.2.0.3.2.4}% 117
\BOOKMARK [4][-]{paragraph.2.0.3.2.33}{FR032}{paragraph.2.0.3.2.4}% 118
\BOOKMARK [4][-]{paragraph.2.0.3.2.34}{FR033}{paragraph.2.0.3.2.4}% 119
\BOOKMARK [4][-]{paragraph.2.0.3.2.35}{FR034}{paragraph.2.0.3.2.4}% 120
\BOOKMARK [4][-]{paragraph.2.0.3.2.36}{FR035}{paragraph.2.0.3.2.4}% 121
\BOOKMARK [4][-]{paragraph.2.0.3.2.37}{FR036}{paragraph.2.0.3.2.4}% 122
\BOOKMARK [4][-]{paragraph.2.0.3.2.38}{FR037}{paragraph.2.0.3.2.4}% 123
\BOOKMARK [4][-]{paragraph.2.0.3.2.39}{FR038}{paragraph.2.0.3.2.4}% 124
\BOOKMARK [4][-]{paragraph.2.0.3.2.40}{FR039}{paragraph.2.0.3.2.4}% 125
\BOOKMARK [4][-]{paragraph.2.0.3.2.41}{FR040}{paragraph.2.0.3.2.4}% 126
\BOOKMARK [4][-]{paragraph.2.0.3.2.42}{FR041}{paragraph.2.0.3.2.4}% 127
\BOOKMARK [4][-]{paragraph.2.0.3.2.43}{FR042}{paragraph.2.0.3.2.4}% 128
\BOOKMARK [4][-]{paragraph.2.0.3.2.44}{FR043}{paragraph.2.0.3.2.4}% 129
\BOOKMARK [4][-]{paragraph.2.0.3.2.45}{FR044}{paragraph.2.0.3.2.4}% 130
\BOOKMARK [4][-]{paragraph.2.0.3.2.46}{FR045}{paragraph.2.0.3.2.4}% 131
\BOOKMARK [4][-]{paragraph.2.0.3.2.47}{FR046}{paragraph.2.0.3.2.4}% 132
\BOOKMARK [4][-]{paragraph.2.0.3.2.48}{FR047}{paragraph.2.0.3.2.4}% 133
\BOOKMARK [4][-]{paragraph.2.0.3.2.49}{FR048}{paragraph.2.0.3.2.4}% 134
\BOOKMARK [4][-]{paragraph.2.0.3.2.50}{FR049}{paragraph.2.0.3.2.4}% 135
\BOOKMARK [4][-]{paragraph.2.0.3.2.51}{FR050}{paragraph.2.0.3.2.4}% 136
\BOOKMARK [4][-]{paragraph.2.0.3.2.52}{FR051}{paragraph.2.0.3.2.4}% 137
\BOOKMARK [4][-]{paragraph.2.0.3.2.53}{FR052}{paragraph.2.0.3.2.4}% 138
\BOOKMARK [0][-]{chapter.3}{Scenarios}{part.2}% 139
\BOOKMARK [1][-]{section.3.1}{Im System anmelden}{chapter.3}% 140
\BOOKMARK [1][-]{section.3.2}{Datens\344tze hochladen}{chapter.3}% 141
\BOOKMARK [1][-]{section.3.3}{Ein Modell erstellen}{chapter.3}% 142
